<component name="libraryTable">
  <library name="junit.jupiter" type="repository">
    <properties maven-id="org.junit.jupiter:junit-jupiter:5.11.4" />
    <CLASSES>
      <root url="jar://$PROJECT_DIR$/library/junit-jupiter-5.11.4.jar!/" />
      <root url="jar://$PROJECT_DIR$/library/junit-jupiter-api-5.11.4.jar!/" />
      <root url="jar://$PROJECT_DIR$/library/opentest4j-1.3.0.jar!/" />
      <root url="jar://$PROJECT_DIR$/library/junit-platform-commons-1.11.4.jar!/" />
      <root url="jar://$PROJECT_DIR$/library/apiguardian-api-1.1.2.jar!/" />
      <root url="jar://$PROJECT_DIR$/library/junit-jupiter-params-5.11.4.jar!/" />
      <root url="jar://$PROJECT_DIR$/library/junit-jupiter-engine-5.11.4.jar!/" />
      <root url="jar://$PROJECT_DIR$/library/junit-platform-engine-1.11.4.jar!/" />
    </CLASSES>
    <JAVADOC />
    <SOURCES />
  </library>
</component>